
*** Running vivado
    with args -log top.vds -m64 -product Vivado -mode batch -messageDb vivado.pb -notrace -source top.tcl


****** Vivado v2023.2 (64-bit)
  **** SW Build 4029153 on Fri Oct 13 20:13:54 MDT 2023
  **** IP Build 4028589 on Sat Oct 14 00:45:43 MDT 2023
  **** SharedData Build 4025554 on Tue Oct 10 17:18:54 MDT 2023
    ** Copyright 1986-2022 Xilinx, Inc. All Rights Reserved.
    ** Copyright 2022-2023 Advanced Micro Devices, Inc. All Rights Reserved.

source top.tcl -notrace
create_project: Time (s): cpu = 00:00:06 ; elapsed = 00:00:06 . Memory (MB): peak = 1324.801 ; gain = 0.027 ; free physical = 2769 ; free virtual = 12146
Command: read_checkpoint -auto_incremental -incremental /home/alfonso/TFM/ewic-fpga_v2/ewic-fpga/uart_design.srcs/utils_1/imports/synth_1/top.dcp
INFO: [Vivado 12-5825] Read reference checkpoint from /home/alfonso/TFM/ewic-fpga_v2/ewic-fpga/uart_design.srcs/utils_1/imports/synth_1/top.dcp for incremental synthesis
INFO: [Vivado 12-7989] Please ensure there are no constraint changes
Command: synth_design -top top -part xcu280-fsvh2892-2L-e
Starting synth_design
Attempting to get a license for feature 'Synthesis' and/or device 'xcu280'
INFO: [Common 17-349] Got license for feature 'Synthesis' and/or device 'xcu280'
WARNING: [Vivado_Tcl 4-1809] The reference checkpoint is from an old version of Vivado; A full resynthesis flow will be run
INFO: [Device 21-403] Loading part xcu280-fsvh2892-2L-e
INFO: [Designutils 20-5440] No compile time benefit to using incremental synthesis; A full resynthesis will be run
INFO: [Designutils 20-4379] Flow is switching to default flow due to incremental criteria not met. If you would like to alter this behaviour and have the flow terminate instead, please set the following parameter config_implementation {autoIncr.Synth.RejectBehavior Terminate}
INFO: [Synth 8-7079] Multithreading enabled for synth_design using a maximum of 4 processes.
INFO: [Synth 8-7078] Launching helper process for spawning children vivado processes
INFO: [Synth 8-7075] Helper process launched with PID 48259
---------------------------------------------------------------------------------
Starting RTL Elaboration : Time (s): cpu = 00:00:03 ; elapsed = 00:00:03 . Memory (MB): peak = 3051.039 ; gain = 398.629 ; free physical = 805 ; free virtual = 10182
---------------------------------------------------------------------------------
INFO: [Synth 8-6157] synthesizing module 'top' [/home/alfonso/TFM/ewic-fpga_v2/ewic-fpga/uart_design.srcs/sources_1/new/top.sv:3]
INFO: [Synth 8-6157] synthesizing module 'clk_wiz_0' [/home/alfonso/TFM/ewic-fpga_v2/ewic-fpga/uart_design.runs/synth_1/.Xil/Vivado-48175-alfonso-Modern-14-B4MW/realtime/clk_wiz_0_stub.v:6]
INFO: [Synth 8-6155] done synthesizing module 'clk_wiz_0' (0#1) [/home/alfonso/TFM/ewic-fpga_v2/ewic-fpga/uart_design.runs/synth_1/.Xil/Vivado-48175-alfonso-Modern-14-B4MW/realtime/clk_wiz_0_stub.v:6]
INFO: [Synth 8-6157] synthesizing module 'uart_rx' [/home/alfonso/TFM/ewic-fpga_v2/ewic-fpga/uart_design.srcs/sources_1/new/uart_rx.sv:3]
	Parameter G_CLK_FREQ bound to: 50000000 - type: integer 
	Parameter G_BAUDRATE bound to: 115200 - type: integer 
INFO: [Synth 8-6155] done synthesizing module 'uart_rx' (0#1) [/home/alfonso/TFM/ewic-fpga_v2/ewic-fpga/uart_design.srcs/sources_1/new/uart_rx.sv:3]
INFO: [Synth 8-6157] synthesizing module 'uart_tx' [/home/alfonso/TFM/ewic-fpga_v2/ewic-fpga/uart_design.srcs/sources_1/new/uart_tx.sv:3]
	Parameter G_CLK_FREQ bound to: 50000000 - type: integer 
	Parameter G_BAUDRATE bound to: 115200 - type: integer 
INFO: [Synth 8-6155] done synthesizing module 'uart_tx' (0#1) [/home/alfonso/TFM/ewic-fpga_v2/ewic-fpga/uart_design.srcs/sources_1/new/uart_tx.sv:3]
INFO: [Synth 8-6157] synthesizing module 'uart_fifo' [/home/alfonso/TFM/ewic-fpga_v2/ewic-fpga/uart_design.runs/synth_1/.Xil/Vivado-48175-alfonso-Modern-14-B4MW/realtime/uart_fifo_stub.v:6]
INFO: [Synth 8-6155] done synthesizing module 'uart_fifo' (0#1) [/home/alfonso/TFM/ewic-fpga_v2/ewic-fpga/uart_design.runs/synth_1/.Xil/Vivado-48175-alfonso-Modern-14-B4MW/realtime/uart_fifo_stub.v:6]
INFO: [Synth 8-6155] done synthesizing module 'top' (0#1) [/home/alfonso/TFM/ewic-fpga_v2/ewic-fpga/uart_design.srcs/sources_1/new/top.sv:3]
---------------------------------------------------------------------------------
Finished RTL Elaboration : Time (s): cpu = 00:00:05 ; elapsed = 00:00:05 . Memory (MB): peak = 3131.008 ; gain = 478.598 ; free physical = 703 ; free virtual = 10080
---------------------------------------------------------------------------------
---------------------------------------------------------------------------------
Start Handling Custom Attributes
---------------------------------------------------------------------------------
---------------------------------------------------------------------------------
Finished Handling Custom Attributes : Time (s): cpu = 00:00:05 ; elapsed = 00:00:05 . Memory (MB): peak = 3145.852 ; gain = 493.441 ; free physical = 703 ; free virtual = 10080
---------------------------------------------------------------------------------
---------------------------------------------------------------------------------
Finished RTL Optimization Phase 1 : Time (s): cpu = 00:00:05 ; elapsed = 00:00:05 . Memory (MB): peak = 3145.852 ; gain = 493.441 ; free physical = 703 ; free virtual = 10080
---------------------------------------------------------------------------------
Netlist sorting complete. Time (s): cpu = 00:00:00 ; elapsed = 00:00:00.01 . Memory (MB): peak = 3145.852 ; gain = 0.000 ; free physical = 703 ; free virtual = 10080
INFO: [Project 1-570] Preparing netlist for logic optimization

Processing XDC Constraints
Initializing timing engine
Parsing XDC File [/home/alfonso/TFM/ewic-fpga_v2/ewic-fpga/uart_design.gen/sources_1/ip/clk_wiz_0_1/clk_wiz_0/clk_wiz_0_in_context.xdc] for cell 'pll_50MHz_inst'
Finished Parsing XDC File [/home/alfonso/TFM/ewic-fpga_v2/ewic-fpga/uart_design.gen/sources_1/ip/clk_wiz_0_1/clk_wiz_0/clk_wiz_0_in_context.xdc] for cell 'pll_50MHz_inst'
Parsing XDC File [/home/alfonso/TFM/ewic-fpga_v2/ewic-fpga/uart_design.gen/sources_1/ip/uart_fifo/uart_fifo/uart_fifo_in_context.xdc] for cell 'rx_fifo'
Finished Parsing XDC File [/home/alfonso/TFM/ewic-fpga_v2/ewic-fpga/uart_design.gen/sources_1/ip/uart_fifo/uart_fifo/uart_fifo_in_context.xdc] for cell 'rx_fifo'
Parsing XDC File [/home/alfonso/TFM/ewic-fpga_v2/ewic-fpga/uart_design.gen/sources_1/ip/uart_fifo/uart_fifo/uart_fifo_in_context.xdc] for cell 'tx_fifo'
Finished Parsing XDC File [/home/alfonso/TFM/ewic-fpga_v2/ewic-fpga/uart_design.gen/sources_1/ip/uart_fifo/uart_fifo/uart_fifo_in_context.xdc] for cell 'tx_fifo'
Parsing XDC File [/home/alfonso/TFM/ewic-fpga_v2/ewic-fpga/alveo-u280-xdc.xdc]
WARNING: [Vivado 12-584] No ports matched 'SYS_CLK0_N'. [/home/alfonso/TFM/ewic-fpga_v2/ewic-fpga/alveo-u280-xdc.xdc:133]
WARNING: [Vivado 12-584] No ports matched 'SYS_CLK0_N'. [/home/alfonso/TFM/ewic-fpga_v2/ewic-fpga/alveo-u280-xdc.xdc:134]
WARNING: [Vivado 12-584] No ports matched 'SYS_CLK0_P'. [/home/alfonso/TFM/ewic-fpga_v2/ewic-fpga/alveo-u280-xdc.xdc:135]
WARNING: [Vivado 12-584] No ports matched 'SYS_CLK0_P'. [/home/alfonso/TFM/ewic-fpga_v2/ewic-fpga/alveo-u280-xdc.xdc:136]
WARNING: [Vivado 12-584] No ports matched 'SYS_CLK0_P'. [/home/alfonso/TFM/ewic-fpga_v2/ewic-fpga/alveo-u280-xdc.xdc:138]
WARNING: [Vivado 12-584] No ports matched 'SYS_CLK1_N'. [/home/alfonso/TFM/ewic-fpga_v2/ewic-fpga/alveo-u280-xdc.xdc:140]
WARNING: [Vivado 12-584] No ports matched 'SYS_CLK1_N'. [/home/alfonso/TFM/ewic-fpga_v2/ewic-fpga/alveo-u280-xdc.xdc:141]
WARNING: [Vivado 12-584] No ports matched 'SYS_CLK1_P'. [/home/alfonso/TFM/ewic-fpga_v2/ewic-fpga/alveo-u280-xdc.xdc:142]
WARNING: [Vivado 12-584] No ports matched 'SYS_CLK1_P'. [/home/alfonso/TFM/ewic-fpga_v2/ewic-fpga/alveo-u280-xdc.xdc:143]
WARNING: [Vivado 12-584] No ports matched 'SYS_CLK1_P'. [/home/alfonso/TFM/ewic-fpga_v2/ewic-fpga/alveo-u280-xdc.xdc:145]
WARNING: [Vivado 12-584] No ports matched 'SYS_CLK3_N'. [/home/alfonso/TFM/ewic-fpga_v2/ewic-fpga/alveo-u280-xdc.xdc:149]
WARNING: [Vivado 12-584] No ports matched 'SYS_CLK3_N'. [/home/alfonso/TFM/ewic-fpga_v2/ewic-fpga/alveo-u280-xdc.xdc:150]
WARNING: [Vivado 12-584] No ports matched 'SYS_CLK3_P'. [/home/alfonso/TFM/ewic-fpga_v2/ewic-fpga/alveo-u280-xdc.xdc:151]
WARNING: [Vivado 12-584] No ports matched 'SYS_CLK3_P'. [/home/alfonso/TFM/ewic-fpga_v2/ewic-fpga/alveo-u280-xdc.xdc:152]
WARNING: [Vivado 12-584] No ports matched 'PCIE_CLK1_N'. [/home/alfonso/TFM/ewic-fpga_v2/ewic-fpga/alveo-u280-xdc.xdc:166]
WARNING: [Vivado 12-584] No ports matched 'PCIE_CLK1_P'. [/home/alfonso/TFM/ewic-fpga_v2/ewic-fpga/alveo-u280-xdc.xdc:167]
WARNING: [Vivado 12-584] No ports matched 'SYS_CLK5_N'. [/home/alfonso/TFM/ewic-fpga_v2/ewic-fpga/alveo-u280-xdc.xdc:168]
WARNING: [Vivado 12-584] No ports matched 'SYS_CLK5_P'. [/home/alfonso/TFM/ewic-fpga_v2/ewic-fpga/alveo-u280-xdc.xdc:169]
WARNING: [Vivado 12-584] No ports matched 'PCIE_CLK0_N'. [/home/alfonso/TFM/ewic-fpga_v2/ewic-fpga/alveo-u280-xdc.xdc:174]
WARNING: [Vivado 12-584] No ports matched 'PCIE_CLK0_P'. [/home/alfonso/TFM/ewic-fpga_v2/ewic-fpga/alveo-u280-xdc.xdc:175]
WARNING: [Vivado 12-584] No ports matched 'SYS_CLK2_N'. [/home/alfonso/TFM/ewic-fpga_v2/ewic-fpga/alveo-u280-xdc.xdc:176]
WARNING: [Vivado 12-584] No ports matched 'SYS_CLK2_P'. [/home/alfonso/TFM/ewic-fpga_v2/ewic-fpga/alveo-u280-xdc.xdc:177]
WARNING: [Vivado 12-584] No ports matched 'MGT_SI570_CLOCK0_N'. [/home/alfonso/TFM/ewic-fpga_v2/ewic-fpga/alveo-u280-xdc.xdc:184]
WARNING: [Vivado 12-584] No ports matched 'MGT_SI570_CLOCK0_P'. [/home/alfonso/TFM/ewic-fpga_v2/ewic-fpga/alveo-u280-xdc.xdc:185]
WARNING: [Vivado 12-584] No ports matched 'QSFP0_CLOCK_N'. [/home/alfonso/TFM/ewic-fpga_v2/ewic-fpga/alveo-u280-xdc.xdc:186]
WARNING: [Vivado 12-584] No ports matched 'QSFP0_CLOCK_P'. [/home/alfonso/TFM/ewic-fpga_v2/ewic-fpga/alveo-u280-xdc.xdc:187]
WARNING: [Vivado 12-584] No ports matched 'QSFP0_FS'. [/home/alfonso/TFM/ewic-fpga_v2/ewic-fpga/alveo-u280-xdc.xdc:189]
WARNING: [Vivado 12-584] No ports matched 'QSFP0_FS'. [/home/alfonso/TFM/ewic-fpga_v2/ewic-fpga/alveo-u280-xdc.xdc:190]
WARNING: [Vivado 12-584] No ports matched 'QSFP0_OEB'. [/home/alfonso/TFM/ewic-fpga_v2/ewic-fpga/alveo-u280-xdc.xdc:191]
WARNING: [Vivado 12-584] No ports matched 'QSFP0_OEB'. [/home/alfonso/TFM/ewic-fpga_v2/ewic-fpga/alveo-u280-xdc.xdc:192]
WARNING: [Vivado 12-584] No ports matched 'MGT_SI570_CLOCK1_N'. [/home/alfonso/TFM/ewic-fpga_v2/ewic-fpga/alveo-u280-xdc.xdc:199]
WARNING: [Vivado 12-584] No ports matched 'MGT_SI570_CLOCK1_P'. [/home/alfonso/TFM/ewic-fpga_v2/ewic-fpga/alveo-u280-xdc.xdc:200]
WARNING: [Vivado 12-584] No ports matched 'QSFP1_CLOCK_N'. [/home/alfonso/TFM/ewic-fpga_v2/ewic-fpga/alveo-u280-xdc.xdc:201]
WARNING: [Vivado 12-584] No ports matched 'QSFP1_CLOCK_P'. [/home/alfonso/TFM/ewic-fpga_v2/ewic-fpga/alveo-u280-xdc.xdc:202]
WARNING: [Vivado 12-584] No ports matched 'QSFP1_OEB'. [/home/alfonso/TFM/ewic-fpga_v2/ewic-fpga/alveo-u280-xdc.xdc:203]
WARNING: [Vivado 12-584] No ports matched 'QSFP1_OEB'. [/home/alfonso/TFM/ewic-fpga_v2/ewic-fpga/alveo-u280-xdc.xdc:204]
WARNING: [Vivado 12-584] No ports matched 'QSFP1_FS'. [/home/alfonso/TFM/ewic-fpga_v2/ewic-fpga/alveo-u280-xdc.xdc:205]
WARNING: [Vivado 12-584] No ports matched 'QSFP1_FS'. [/home/alfonso/TFM/ewic-fpga_v2/ewic-fpga/alveo-u280-xdc.xdc:206]
WARNING: [Vivado 12-584] No ports matched 'SYS_CLK0_P'. [/home/alfonso/TFM/ewic-fpga_v2/ewic-fpga/alveo-u280-xdc.xdc:210]
WARNING: [Vivado 12-584] No ports matched 'SYS_CLK1_P'. [/home/alfonso/TFM/ewic-fpga_v2/ewic-fpga/alveo-u280-xdc.xdc:211]
WARNING: [Vivado 12-584] No ports matched 'SYS_CLK3_P'. [/home/alfonso/TFM/ewic-fpga_v2/ewic-fpga/alveo-u280-xdc.xdc:212]
WARNING: [Vivado 12-584] No ports matched 'PCIE_CLK0_P'. [/home/alfonso/TFM/ewic-fpga_v2/ewic-fpga/alveo-u280-xdc.xdc:213]
WARNING: [Vivado 12-584] No ports matched 'SYS_CLK2_P'. [/home/alfonso/TFM/ewic-fpga_v2/ewic-fpga/alveo-u280-xdc.xdc:214]
WARNING: [Vivado 12-584] No ports matched 'PCIE_CLK1_P'. [/home/alfonso/TFM/ewic-fpga_v2/ewic-fpga/alveo-u280-xdc.xdc:215]
WARNING: [Vivado 12-584] No ports matched 'SYS_CLK5_P'. [/home/alfonso/TFM/ewic-fpga_v2/ewic-fpga/alveo-u280-xdc.xdc:216]
WARNING: [Vivado 12-584] No ports matched 'MGT_SI570_CLOCK0_P'. [/home/alfonso/TFM/ewic-fpga_v2/ewic-fpga/alveo-u280-xdc.xdc:217]
WARNING: [Vivado 12-584] No ports matched 'QSFP0_CLOCK_P'. [/home/alfonso/TFM/ewic-fpga_v2/ewic-fpga/alveo-u280-xdc.xdc:218]
WARNING: [Vivado 12-584] No ports matched 'MGT_SI570_CLOCK1_P'. [/home/alfonso/TFM/ewic-fpga_v2/ewic-fpga/alveo-u280-xdc.xdc:219]
WARNING: [Vivado 12-584] No ports matched 'QSFP1_CLOCK_P'. [/home/alfonso/TFM/ewic-fpga_v2/ewic-fpga/alveo-u280-xdc.xdc:220]
WARNING: [Vivado 12-584] No ports matched 'PEX_PWRBRKN'. [/home/alfonso/TFM/ewic-fpga_v2/ewic-fpga/alveo-u280-xdc.xdc:226]
WARNING: [Vivado 12-584] No ports matched 'PEX_PWRBRKN'. [/home/alfonso/TFM/ewic-fpga_v2/ewic-fpga/alveo-u280-xdc.xdc:227]
WARNING: [Vivado 12-584] No ports matched 'PCIE_PERST'. [/home/alfonso/TFM/ewic-fpga_v2/ewic-fpga/alveo-u280-xdc.xdc:228]
WARNING: [Vivado 12-584] No ports matched 'PCIE_PERST'. [/home/alfonso/TFM/ewic-fpga_v2/ewic-fpga/alveo-u280-xdc.xdc:229]
WARNING: [Vivado 12-584] No ports matched 'SYSMON_SDA'. [/home/alfonso/TFM/ewic-fpga_v2/ewic-fpga/alveo-u280-xdc.xdc:235]
WARNING: [Vivado 12-584] No ports matched 'SYSMON_SDA'. [/home/alfonso/TFM/ewic-fpga_v2/ewic-fpga/alveo-u280-xdc.xdc:236]
WARNING: [Vivado 12-584] No ports matched 'SYSMON_SCL'. [/home/alfonso/TFM/ewic-fpga_v2/ewic-fpga/alveo-u280-xdc.xdc:237]
WARNING: [Vivado 12-584] No ports matched 'SYSMON_SCL'. [/home/alfonso/TFM/ewic-fpga_v2/ewic-fpga/alveo-u280-xdc.xdc:238]
WARNING: [Vivado 12-584] No ports matched 'I2C_MAIN_INT_B'. [/home/alfonso/TFM/ewic-fpga_v2/ewic-fpga/alveo-u280-xdc.xdc:246]
WARNING: [Vivado 12-584] No ports matched 'I2C_MAIN_INT_B'. [/home/alfonso/TFM/ewic-fpga_v2/ewic-fpga/alveo-u280-xdc.xdc:247]
WARNING: [Vivado 12-584] No ports matched 'I2C_MUX0_INTB_FPGA'. [/home/alfonso/TFM/ewic-fpga_v2/ewic-fpga/alveo-u280-xdc.xdc:248]
WARNING: [Vivado 12-584] No ports matched 'I2C_MUX0_INTB_FPGA'. [/home/alfonso/TFM/ewic-fpga_v2/ewic-fpga/alveo-u280-xdc.xdc:249]
WARNING: [Vivado 12-584] No ports matched 'I2C_FPGA_SDA'. [/home/alfonso/TFM/ewic-fpga_v2/ewic-fpga/alveo-u280-xdc.xdc:250]
WARNING: [Vivado 12-584] No ports matched 'I2C_FPGA_SDA'. [/home/alfonso/TFM/ewic-fpga_v2/ewic-fpga/alveo-u280-xdc.xdc:251]
WARNING: [Vivado 12-584] No ports matched 'I2C_FPGA_SCL'. [/home/alfonso/TFM/ewic-fpga_v2/ewic-fpga/alveo-u280-xdc.xdc:252]
WARNING: [Vivado 12-584] No ports matched 'I2C_FPGA_SCL'. [/home/alfonso/TFM/ewic-fpga_v2/ewic-fpga/alveo-u280-xdc.xdc:253]
WARNING: [Vivado 12-584] No ports matched 'FPGA_TXD_MSP'. [/home/alfonso/TFM/ewic-fpga_v2/ewic-fpga/alveo-u280-xdc.xdc:269]
WARNING: [Vivado 12-584] No ports matched 'FPGA_TXD_MSP'. [/home/alfonso/TFM/ewic-fpga_v2/ewic-fpga/alveo-u280-xdc.xdc:270]
WARNING: [Vivado 12-584] No ports matched 'FPGA_RXD_MSP'. [/home/alfonso/TFM/ewic-fpga_v2/ewic-fpga/alveo-u280-xdc.xdc:271]
WARNING: [Vivado 12-584] No ports matched 'FPGA_RXD_MSP'. [/home/alfonso/TFM/ewic-fpga_v2/ewic-fpga/alveo-u280-xdc.xdc:272]
WARNING: [Vivado 12-584] No ports matched 'HBM_CATTRIP'. [/home/alfonso/TFM/ewic-fpga_v2/ewic-fpga/alveo-u280-xdc.xdc:279]
WARNING: [Vivado 12-584] No ports matched 'HBM_CATTRIP'. [/home/alfonso/TFM/ewic-fpga_v2/ewic-fpga/alveo-u280-xdc.xdc:280]
WARNING: [Vivado 12-584] No ports matched 'HBM_CATTRIP'. [/home/alfonso/TFM/ewic-fpga_v2/ewic-fpga/alveo-u280-xdc.xdc:281]
WARNING: [Vivado 12-584] No ports matched 'DDR4_RESET_GATE'. [/home/alfonso/TFM/ewic-fpga_v2/ewic-fpga/alveo-u280-xdc.xdc:287]
WARNING: [Vivado 12-584] No ports matched 'DDR4_RESET_GATE'. [/home/alfonso/TFM/ewic-fpga_v2/ewic-fpga/alveo-u280-xdc.xdc:288]
WARNING: [Vivado 12-584] No ports matched 'CPU_RESET_FPGA'. [/home/alfonso/TFM/ewic-fpga_v2/ewic-fpga/alveo-u280-xdc.xdc:304]
WARNING: [Vivado 12-584] No ports matched 'CPU_RESET_FPGA'. [/home/alfonso/TFM/ewic-fpga_v2/ewic-fpga/alveo-u280-xdc.xdc:305]
WARNING: [Vivado 12-584] No ports matched 'c0_ddr4_dq[42]'. [/home/alfonso/TFM/ewic-fpga_v2/ewic-fpga/alveo-u280-xdc.xdc:317]
WARNING: [Vivado 12-584] No ports matched 'c0_ddr4_dq[42]'. [/home/alfonso/TFM/ewic-fpga_v2/ewic-fpga/alveo-u280-xdc.xdc:318]
WARNING: [Vivado 12-584] No ports matched 'c0_ddr4_dq[43]'. [/home/alfonso/TFM/ewic-fpga_v2/ewic-fpga/alveo-u280-xdc.xdc:319]
WARNING: [Vivado 12-584] No ports matched 'c0_ddr4_dq[43]'. [/home/alfonso/TFM/ewic-fpga_v2/ewic-fpga/alveo-u280-xdc.xdc:320]
WARNING: [Vivado 12-584] No ports matched 'c0_ddr4_dq[40]'. [/home/alfonso/TFM/ewic-fpga_v2/ewic-fpga/alveo-u280-xdc.xdc:321]
WARNING: [Vivado 12-584] No ports matched 'c0_ddr4_dq[40]'. [/home/alfonso/TFM/ewic-fpga_v2/ewic-fpga/alveo-u280-xdc.xdc:322]
WARNING: [Vivado 12-584] No ports matched 'c0_ddr4_dq[41]'. [/home/alfonso/TFM/ewic-fpga_v2/ewic-fpga/alveo-u280-xdc.xdc:323]
WARNING: [Vivado 12-584] No ports matched 'c0_ddr4_dq[41]'. [/home/alfonso/TFM/ewic-fpga_v2/ewic-fpga/alveo-u280-xdc.xdc:324]
WARNING: [Vivado 12-584] No ports matched 'c0_ddr4_dqs_c[10]'. [/home/alfonso/TFM/ewic-fpga_v2/ewic-fpga/alveo-u280-xdc.xdc:325]
WARNING: [Vivado 12-584] No ports matched 'c0_ddr4_dqs_c[10]'. [/home/alfonso/TFM/ewic-fpga_v2/ewic-fpga/alveo-u280-xdc.xdc:326]
WARNING: [Vivado 12-584] No ports matched 'c0_ddr4_dqs_t[10]'. [/home/alfonso/TFM/ewic-fpga_v2/ewic-fpga/alveo-u280-xdc.xdc:327]
WARNING: [Vivado 12-584] No ports matched 'c0_ddr4_dqs_t[10]'. [/home/alfonso/TFM/ewic-fpga_v2/ewic-fpga/alveo-u280-xdc.xdc:328]
WARNING: [Vivado 12-584] No ports matched 'c0_ddr4_dq[44]'. [/home/alfonso/TFM/ewic-fpga_v2/ewic-fpga/alveo-u280-xdc.xdc:329]
WARNING: [Vivado 12-584] No ports matched 'c0_ddr4_dq[44]'. [/home/alfonso/TFM/ewic-fpga_v2/ewic-fpga/alveo-u280-xdc.xdc:330]
WARNING: [Vivado 12-584] No ports matched 'c0_ddr4_dq[45]'. [/home/alfonso/TFM/ewic-fpga_v2/ewic-fpga/alveo-u280-xdc.xdc:331]
WARNING: [Vivado 12-584] No ports matched 'c0_ddr4_dq[45]'. [/home/alfonso/TFM/ewic-fpga_v2/ewic-fpga/alveo-u280-xdc.xdc:332]
WARNING: [Vivado 12-584] No ports matched 'c0_ddr4_dq[46]'. [/home/alfonso/TFM/ewic-fpga_v2/ewic-fpga/alveo-u280-xdc.xdc:333]
WARNING: [Vivado 12-584] No ports matched 'c0_ddr4_dq[46]'. [/home/alfonso/TFM/ewic-fpga_v2/ewic-fpga/alveo-u280-xdc.xdc:334]
WARNING: [Vivado 12-584] No ports matched 'c0_ddr4_dq[47]'. [/home/alfonso/TFM/ewic-fpga_v2/ewic-fpga/alveo-u280-xdc.xdc:335]
WARNING: [Vivado 12-584] No ports matched 'c0_ddr4_dq[47]'. [/home/alfonso/TFM/ewic-fpga_v2/ewic-fpga/alveo-u280-xdc.xdc:336]
WARNING: [Vivado 12-584] No ports matched 'c0_ddr4_dqs_c[11]'. [/home/alfonso/TFM/ewic-fpga_v2/ewic-fpga/alveo-u280-xdc.xdc:337]
WARNING: [Vivado 12-584] No ports matched 'c0_ddr4_dqs_c[11]'. [/home/alfonso/TFM/ewic-fpga_v2/ewic-fpga/alveo-u280-xdc.xdc:338]
WARNING: [Vivado 12-584] No ports matched 'c0_ddr4_dqs_t[11]'. [/home/alfonso/TFM/ewic-fpga_v2/ewic-fpga/alveo-u280-xdc.xdc:339]
WARNING: [Vivado 12-584] No ports matched 'c0_ddr4_dqs_t[11]'. [/home/alfonso/TFM/ewic-fpga_v2/ewic-fpga/alveo-u280-xdc.xdc:340]
INFO: [Common 17-14] Message 'Vivado 12-584' appears 100 times and further instances of the messages will be disabled. Use the Tcl command set_msg_config to change the current settings. [/home/alfonso/TFM/ewic-fpga_v2/ewic-fpga/alveo-u280-xdc.xdc:340]
Finished Parsing XDC File [/home/alfonso/TFM/ewic-fpga_v2/ewic-fpga/alveo-u280-xdc.xdc]
WARNING: [Project 1-498] One or more constraints failed evaluation while reading constraint file [/home/alfonso/TFM/ewic-fpga_v2/ewic-fpga/alveo-u280-xdc.xdc] and the design contains unresolved black boxes. These constraints will be read post-synthesis (as long as their source constraint file is marked as used_in_implementation) and should be applied correctly then. You should review the constraints listed in the file [.Xil/top_propImpl.xdc] and check the run log file to verify that these constraints were correctly applied.
INFO: [Project 1-236] Implementation specific constraints were found while reading constraint file [/home/alfonso/TFM/ewic-fpga_v2/ewic-fpga/alveo-u280-xdc.xdc]. These constraints will be ignored for synthesis but will be used in implementation. Impacted constraints are listed in the file [.Xil/top_propImpl.xdc].
Resolution: To avoid this warning, move constraints listed in [.Xil/top_propImpl.xdc] to another XDC file and exclude this new file from synthesis with the used_in_synthesis property (File Properties dialog in GUI) and re-run elaboration/synthesis.
Completed Processing XDC Constraints

Netlist sorting complete. Time (s): cpu = 00:00:00 ; elapsed = 00:00:00 . Memory (MB): peak = 3315.383 ; gain = 0.000 ; free physical = 622 ; free virtual = 10006
INFO: [Project 1-111] Unisim Transformation Summary:
No Unisim elements were transformed.

Constraint Validation Runtime : Time (s): cpu = 00:00:00 ; elapsed = 00:00:00.01 . Memory (MB): peak = 3315.418 ; gain = 0.000 ; free physical = 616 ; free virtual = 10000
INFO: [Designutils 20-5440] No compile time benefit to using incremental synthesis; A full resynthesis will be run
INFO: [Designutils 20-4379] Flow is switching to default flow due to incremental criteria not met. If you would like to alter this behaviour and have the flow terminate instead, please set the following parameter config_implementation {autoIncr.Synth.RejectBehavior Terminate}
---------------------------------------------------------------------------------
Finished Constraint Validation : Time (s): cpu = 00:00:15 ; elapsed = 00:00:15 . Memory (MB): peak = 3315.418 ; gain = 663.008 ; free physical = 410 ; free virtual = 9801
---------------------------------------------------------------------------------
---------------------------------------------------------------------------------
Start Loading Part and Timing Information
---------------------------------------------------------------------------------
Loading part: xcu280-fsvh2892-2L-e
INFO: [Synth 8-6742] Reading net delay rules and data
---------------------------------------------------------------------------------
Finished Loading Part and Timing Information : Time (s): cpu = 00:00:15 ; elapsed = 00:00:15 . Memory (MB): peak = 3315.418 ; gain = 663.008 ; free physical = 410 ; free virtual = 9801
---------------------------------------------------------------------------------
---------------------------------------------------------------------------------
Start Applying 'set_property' XDC Constraints
---------------------------------------------------------------------------------
Applied set_property IO_BUFFER_TYPE = NONE for USER_SI570_CLOCK_N. (constraint file  /home/alfonso/TFM/ewic-fpga_v2/ewic-fpga/uart_design.gen/sources_1/ip/clk_wiz_0_1/clk_wiz_0/clk_wiz_0_in_context.xdc, line 3).
Applied set_property CLOCK_BUFFER_TYPE = NONE for USER_SI570_CLOCK_N. (constraint file  /home/alfonso/TFM/ewic-fpga_v2/ewic-fpga/uart_design.gen/sources_1/ip/clk_wiz_0_1/clk_wiz_0/clk_wiz_0_in_context.xdc, line 4).
Applied set_property IO_BUFFER_TYPE = NONE for USER_SI570_CLOCK_P. (constraint file  /home/alfonso/TFM/ewic-fpga_v2/ewic-fpga/uart_design.gen/sources_1/ip/clk_wiz_0_1/clk_wiz_0/clk_wiz_0_in_context.xdc, line 5).
Applied set_property CLOCK_BUFFER_TYPE = NONE for USER_SI570_CLOCK_P. (constraint file  /home/alfonso/TFM/ewic-fpga_v2/ewic-fpga/uart_design.gen/sources_1/ip/clk_wiz_0_1/clk_wiz_0/clk_wiz_0_in_context.xdc, line 6).
Applied set_property KEEP_HIERARCHY = SOFT for pll_50MHz_inst. (constraint file  auto generated constraint).
Applied set_property KEEP_HIERARCHY = SOFT for rx_fifo. (constraint file  auto generated constraint).
Applied set_property KEEP_HIERARCHY = SOFT for tx_fifo. (constraint file  auto generated constraint).
---------------------------------------------------------------------------------
Finished applying 'set_property' XDC Constraints : Time (s): cpu = 00:00:15 ; elapsed = 00:00:15 . Memory (MB): peak = 3315.418 ; gain = 663.008 ; free physical = 410 ; free virtual = 9801
---------------------------------------------------------------------------------
INFO: [Synth 8-802] inferred FSM for state register 'r_state_reg' in module 'uart_rx'
INFO: [Synth 8-802] inferred FSM for state register 'r_state_reg' in module 'uart_tx'
INFO: [Synth 8-802] inferred FSM for state register 'r_echo_state_reg' in module 'top'
INFO: [Synth 8-802] inferred FSM for state register 'r_tx_state_reg' in module 'top'
---------------------------------------------------------------------------------------------------
                   State |                     New Encoding |                Previous Encoding 
---------------------------------------------------------------------------------------------------
                    IDLE |                               00 |                               00
               START_BIT |                               01 |                               01
               DATA_BITS |                               10 |                               10
                STOP_BIT |                               11 |                               11
---------------------------------------------------------------------------------------------------
INFO: [Synth 8-3354] encoded FSM with state register 'r_state_reg' using encoding 'sequential' in module 'uart_rx'
---------------------------------------------------------------------------------------------------
                   State |                     New Encoding |                Previous Encoding 
---------------------------------------------------------------------------------------------------
                    IDLE |                               00 |                               00
               START_BIT |                               01 |                               01
               DATA_BITS |                               10 |                               10
                STOP_BIT |                               11 |                               11
---------------------------------------------------------------------------------------------------
INFO: [Synth 8-3354] encoded FSM with state register 'r_state_reg' using encoding 'sequential' in module 'uart_tx'
---------------------------------------------------------------------------------------------------
                   State |                     New Encoding |                Previous Encoding 
---------------------------------------------------------------------------------------------------
                 TX_IDLE |                              001 |                               00
                  TX_POP |                              010 |                               01
                 TX_SEND |                              100 |                               10
---------------------------------------------------------------------------------------------------
INFO: [Synth 8-3354] encoded FSM with state register 'r_tx_state_reg' using encoding 'one-hot' in module 'top'
---------------------------------------------------------------------------------------------------
                   State |                     New Encoding |                Previous Encoding 
---------------------------------------------------------------------------------------------------
               ECHO_IDLE |                              001 |                               00
                ECHO_POP |                              010 |                               01
              ECHO_WRITE |                              100 |                               10
---------------------------------------------------------------------------------------------------
INFO: [Synth 8-3354] encoded FSM with state register 'r_echo_state_reg' using encoding 'one-hot' in module 'top'
---------------------------------------------------------------------------------
Finished RTL Optimization Phase 2 : Time (s): cpu = 00:00:15 ; elapsed = 00:00:15 . Memory (MB): peak = 3315.418 ; gain = 663.008 ; free physical = 406 ; free virtual = 9798
---------------------------------------------------------------------------------
---------------------------------------------------------------------------------
Start RTL Component Statistics 
---------------------------------------------------------------------------------
Detailed RTL Component Info : 
+---Adders : 
	   2 Input    4 Bit       Adders := 1     
	   2 Input    3 Bit       Adders := 2     
+---Registers : 
	                8 Bit    Registers := 4     
	                4 Bit    Registers := 1     
	                3 Bit    Registers := 2     
	                1 Bit    Registers := 7     
+---Muxes : 
	   4 Input    8 Bit        Muxes := 1     
	   2 Input    3 Bit        Muxes := 2     
	   4 Input    2 Bit        Muxes := 2     
	   2 Input    2 Bit        Muxes := 1     
	   2 Input    1 Bit        Muxes := 8     
	   4 Input    1 Bit        Muxes := 9     
	   3 Input    1 Bit        Muxes := 4     
---------------------------------------------------------------------------------
Finished RTL Component Statistics 
---------------------------------------------------------------------------------
---------------------------------------------------------------------------------
Start Part Resource Summary
---------------------------------------------------------------------------------
Part Resources:
DSPs: 9024 (col length:94)
BRAMs: 4032 (col length: RAMB18 288 RAMB36 144)
---------------------------------------------------------------------------------
Finished Part Resource Summary
---------------------------------------------------------------------------------
---------------------------------------------------------------------------------
Start Cross Boundary and Area Optimization
---------------------------------------------------------------------------------
WARNING: [Synth 8-7080] Parallel synthesis criteria is not met
---------------------------------------------------------------------------------
Finished Cross Boundary and Area Optimization : Time (s): cpu = 00:00:17 ; elapsed = 00:00:17 . Memory (MB): peak = 3315.418 ; gain = 663.008 ; free physical = 395 ; free virtual = 9792
---------------------------------------------------------------------------------
---------------------------------------------------------------------------------
Start Applying XDC Timing Constraints
---------------------------------------------------------------------------------
---------------------------------------------------------------------------------
Finished Applying XDC Timing Constraints : Time (s): cpu = 00:00:24 ; elapsed = 00:00:24 . Memory (MB): peak = 3589.945 ; gain = 937.535 ; free physical = 315 ; free virtual = 9431
---------------------------------------------------------------------------------
---------------------------------------------------------------------------------
Start Timing Optimization
---------------------------------------------------------------------------------
---------------------------------------------------------------------------------
Finished Timing Optimization : Time (s): cpu = 00:00:24 ; elapsed = 00:00:24 . Memory (MB): peak = 3621.992 ; gain = 969.582 ; free physical = 291 ; free virtual = 9407
---------------------------------------------------------------------------------
---------------------------------------------------------------------------------
Start Technology Mapping
---------------------------------------------------------------------------------
---------------------------------------------------------------------------------
Finished Technology Mapping : Time (s): cpu = 00:00:24 ; elapsed = 00:00:24 . Memory (MB): peak = 3630.000 ; gain = 977.590 ; free physical = 275 ; free virtual = 9391
---------------------------------------------------------------------------------
---------------------------------------------------------------------------------
Start IO Insertion
---------------------------------------------------------------------------------
---------------------------------------------------------------------------------
Start Flattening Before IO Insertion
---------------------------------------------------------------------------------
---------------------------------------------------------------------------------
Finished Flattening Before IO Insertion
---------------------------------------------------------------------------------
---------------------------------------------------------------------------------
Start Final Netlist Cleanup
---------------------------------------------------------------------------------
---------------------------------------------------------------------------------
Finished Final Netlist Cleanup
---------------------------------------------------------------------------------
---------------------------------------------------------------------------------
Finished IO Insertion : Time (s): cpu = 00:00:27 ; elapsed = 00:00:28 . Memory (MB): peak = 3630.000 ; gain = 977.590 ; free physical = 256 ; free virtual = 9374
---------------------------------------------------------------------------------
---------------------------------------------------------------------------------
Start Renaming Generated Instances
---------------------------------------------------------------------------------
---------------------------------------------------------------------------------
Finished Renaming Generated Instances : Time (s): cpu = 00:00:27 ; elapsed = 00:00:28 . Memory (MB): peak = 3630.000 ; gain = 977.590 ; free physical = 256 ; free virtual = 9374
---------------------------------------------------------------------------------
---------------------------------------------------------------------------------
Start Rebuilding User Hierarchy
---------------------------------------------------------------------------------
---------------------------------------------------------------------------------
Finished Rebuilding User Hierarchy : Time (s): cpu = 00:00:27 ; elapsed = 00:00:28 . Memory (MB): peak = 3630.000 ; gain = 977.590 ; free physical = 256 ; free virtual = 9374
---------------------------------------------------------------------------------
---------------------------------------------------------------------------------
Start Renaming Generated Ports
---------------------------------------------------------------------------------
---------------------------------------------------------------------------------
Finished Renaming Generated Ports : Time (s): cpu = 00:00:27 ; elapsed = 00:00:28 . Memory (MB): peak = 3630.000 ; gain = 977.590 ; free physical = 256 ; free virtual = 9374
---------------------------------------------------------------------------------
---------------------------------------------------------------------------------
Start Handling Custom Attributes
---------------------------------------------------------------------------------
---------------------------------------------------------------------------------
Finished Handling Custom Attributes : Time (s): cpu = 00:00:27 ; elapsed = 00:00:28 . Memory (MB): peak = 3630.000 ; gain = 977.590 ; free physical = 256 ; free virtual = 9374
---------------------------------------------------------------------------------
---------------------------------------------------------------------------------
Start Renaming Generated Nets
---------------------------------------------------------------------------------
---------------------------------------------------------------------------------
Finished Renaming Generated Nets : Time (s): cpu = 00:00:27 ; elapsed = 00:00:28 . Memory (MB): peak = 3630.000 ; gain = 977.590 ; free physical = 256 ; free virtual = 9374
---------------------------------------------------------------------------------
---------------------------------------------------------------------------------
Start Writing Synthesis Report
---------------------------------------------------------------------------------

Report BlackBoxes: 
+------+--------------+----------+
|      |BlackBox name |Instances |
+------+--------------+----------+
|1     |clk_wiz_0     |         1|
|2     |uart_fifo     |         2|
+------+--------------+----------+

Report Cell Usage: 
+------+----------+------+
|      |Cell      |Count |
+------+----------+------+
|1     |clk_wiz   |     1|
|2     |uart_fifo |     2|
|4     |CARRY8    |    12|
|5     |LUT1      |     9|
|6     |LUT2      |    49|
|7     |LUT3      |     7|
|8     |LUT4      |    13|
|9     |LUT5      |     8|
|10    |LUT6      |    26|
|11    |FDRE      |   121|
|12    |FDSE      |     2|
|13    |IBUF      |     1|
|14    |OBUF      |     1|
+------+----------+------+
---------------------------------------------------------------------------------
Finished Writing Synthesis Report : Time (s): cpu = 00:00:27 ; elapsed = 00:00:28 . Memory (MB): peak = 3630.000 ; gain = 977.590 ; free physical = 256 ; free virtual = 9374
---------------------------------------------------------------------------------
Synthesis finished with 0 errors, 0 critical warnings and 1 warnings.
Synthesis Optimization Runtime : Time (s): cpu = 00:00:22 ; elapsed = 00:00:22 . Memory (MB): peak = 3630.000 ; gain = 808.023 ; free physical = 256 ; free virtual = 9374
Synthesis Optimization Complete : Time (s): cpu = 00:00:27 ; elapsed = 00:00:28 . Memory (MB): peak = 3630.008 ; gain = 977.590 ; free physical = 256 ; free virtual = 9374
INFO: [Project 1-571] Translating synthesized netlist
Netlist sorting complete. Time (s): cpu = 00:00:00 ; elapsed = 00:00:00 . Memory (MB): peak = 3638.000 ; gain = 0.000 ; free physical = 524 ; free virtual = 9641
INFO: [Netlist 29-17] Analyzing 13 Unisim elements for replacement
INFO: [Netlist 29-28] Unisim Transformation completed in 0 CPU seconds
INFO: [Project 1-570] Preparing netlist for logic optimization
INFO: [Opt 31-138] Pushed 0 inverter(s) to 0 load pin(s).
Netlist sorting complete. Time (s): cpu = 00:00:00 ; elapsed = 00:00:00 . Memory (MB): peak = 3720.305 ; gain = 0.000 ; free physical = 494 ; free virtual = 9611
INFO: [Project 1-111] Unisim Transformation Summary:
  A total of 1 instances were transformed.
  IBUF => IBUF (IBUFCTRL, INBUF): 1 instance 

Synth Design complete | Checksum: 1781901a
INFO: [Common 17-83] Releasing license: Synthesis
41 Infos, 103 Warnings, 0 Critical Warnings and 0 Errors encountered.
synth_design completed successfully
synth_design: Time (s): cpu = 00:00:37 ; elapsed = 00:00:36 . Memory (MB): peak = 3720.340 ; gain = 2391.570 ; free physical = 494 ; free virtual = 9611
INFO: [Common 17-2834] synth_design peak Physical Memory [PSS] (MB): overall = 2956.938; main = 2956.938; forked = 378.445
INFO: [Common 17-2834] synth_design peak Virtual Memory [VSS] (MB): overall = 4313.535; main = 3720.309; forked = 998.148
Write ShapeDB Complete: Time (s): cpu = 00:00:00 ; elapsed = 00:00:00 . Memory (MB): peak = 3744.316 ; gain = 0.000 ; free physical = 494 ; free virtual = 9611
INFO: [Common 17-1381] The checkpoint '/home/alfonso/TFM/ewic-fpga_v2/ewic-fpga/uart_design.runs/synth_1/top.dcp' has been generated.
INFO: [runtcl-4] Executing : report_utilization -file top_utilization_synth.rpt -pb top_utilization_synth.pb
INFO: [Common 17-206] Exiting Vivado at Tue Apr 28 18:02:32 2026...
