Copyright 1986-2022 Xilinx, Inc. All Rights Reserved. Copyright 2022-2023 Advanced Micro Devices, Inc. All Rights Reserved.
-----------------------------------------------------------------------------------------------------------------------------------------------
| Tool Version : Vivado v.2023.2 (lin64) Build 4029153 Fri Oct 13 20:13:54 MDT 2023
| Date         : Thu Apr 23 17:47:48 2026
| Host         : alfonso-Modern-14-B4MW running 64-bit Ubuntu 24.04.2 LTS
| Command      : report_methodology -file top_methodology_drc_routed.rpt -pb top_methodology_drc_routed.pb -rpx top_methodology_drc_routed.rpx
| Design       : top
| Device       : xcu280-fsvh2892-2L-e
| Speed File   : -2L
| Design State : Fully Routed
-----------------------------------------------------------------------------------------------------------------------------------------------

Report Methodology

Table of Contents
-----------------
1. REPORT SUMMARY
2. REPORT DETAILS

1. REPORT SUMMARY
-----------------
            Netlist: netlist
          Floorplan: design_1
      Design limits: <entire design considered>
             Max violations: <unlimited>
             Violations found: 1
+---------+----------+------------------------------+------------+
| Rule    | Severity | Description                  | Violations |
+---------+----------+------------------------------+------------+
| LUTAR-1 | Warning  | LUT drives async reset alert | 1          |
+---------+----------+------------------------------+------------+

2. REPORT DETAILS
-----------------
LUTAR-1#1 Warning
LUT drives async reset alert  
LUT cell u_test_core/FSM_sequential_r_state[1]_i_1__0, with 2 or more inputs, drives asynchronous preset/clear pin(s) u_test_core/settle_cnt_reg[17]/CLR, u_test_core/settle_cnt_reg[18]/CLR,
u_test_core/settle_cnt_reg[19]/CLR, u_test_core/settle_cnt_reg[1]/CLR,
u_test_core/settle_cnt_reg[20]/CLR, u_test_core/settle_cnt_reg[21]/CLR,
u_test_core/settle_cnt_reg[22]/CLR, u_test_core/settle_cnt_reg[2]/CLR,
u_test_core/settle_cnt_reg[3]/CLR, u_test_core/settle_cnt_reg[4]/CLR,
u_test_core/settle_cnt_reg[5]/CLR, u_test_core/settle_cnt_reg[6]/CLR,
u_test_core/settle_cnt_reg[7]/CLR, u_test_core/settle_cnt_reg[8]/CLR,
u_test_core/settle_cnt_reg[9]/CLR (the first 15 of 89 listed). The LUT may glitch and trigger an unexpected reset, even if it is a properly timed path.
Related violations: <none>


