Copyright 1986-2022 Xilinx, Inc. All Rights Reserved. Copyright 2022-2023 Advanced Micro Devices, Inc. All Rights Reserved.
---------------------------------------------------------------------------------------------------------------------------------------------
| Tool Version : Vivado v.2023.2 (lin64) Build 4029153 Fri Oct 13 20:13:54 MDT 2023
| Date         : Thu Apr 23 17:47:28 2026
| Host         : alfonso-Modern-14-B4MW running 64-bit Ubuntu 24.04.2 LTS
| Command      : report_control_sets -verbose -file top_control_sets_placed.rpt
| Design       : top
| Device       : xcu280
---------------------------------------------------------------------------------------------------------------------------------------------

Control Set Information

Table of Contents
-----------------
1. Summary
2. Histogram
3. Flip-Flop Distribution
4. Detailed Control Set Information

1. Summary
----------

+----------------------------------------------------------+-------+
|                          Status                          | Count |
+----------------------------------------------------------+-------+
| Total control sets                                       |    24 |
|    Minimum number of control sets                        |    24 |
|    Addition due to synthesis replication                 |     0 |
|    Addition due to physical synthesis replication        |     0 |
| Unused register locations in slices containing registers |    29 |
+----------------------------------------------------------+-------+
* Control sets can be merged at opt_design using control_set_merge or merge_equivalent_drivers
** Run report_qor_suggestions for automated merging and remapping suggestions


2. Histogram
------------

+--------------------+-------+
|       Fanout       | Count |
+--------------------+-------+
| Total control sets |    24 |
| >= 0 to < 4        |    10 |
| >= 4 to < 6        |     2 |
| >= 6 to < 8        |     1 |
| >= 8 to < 10       |     3 |
| >= 10 to < 12      |     1 |
| >= 12 to < 14      |     0 |
| >= 14 to < 16      |     2 |
| >= 16              |     5 |
+--------------------+-------+
* Control sets can be remapped at either synth_design or opt_design


3. Flip-Flop Distribution
-------------------------

+--------------+-----------------------+------------------------+-----------------+--------------+
| Clock Enable | Synchronous Set/Reset | Asynchronous Set/Reset | Total Registers | Total Slices |
+--------------+-----------------------+------------------------+-----------------+--------------+
| No           | No                    | No                     |               2 |            2 |
| No           | No                    | Yes                    |               0 |            0 |
| No           | Yes                   | No                     |              14 |            6 |
| Yes          | No                    | No                     |              53 |           12 |
| Yes          | No                    | Yes                    |              89 |           17 |
| Yes          | Yes                   | No                     |              77 |           13 |
+--------------+-----------------------+------------------------+-----------------+--------------+


4. Detailed Control Set Information
-----------------------------------

+-------------------------+---------------------------------------------------+-------------------------------------------+------------------+----------------+--------------+
|       Clock Signal      |                   Enable Signal                   |              Set/Reset Signal             | Slice Load Count | Bel Load Count | Bels / Slice |
+-------------------------+---------------------------------------------------+-------------------------------------------+------------------+----------------+--------------+
|  pll_inst/inst/clk_out1 |                                                   |                                           |                2 |              2 |         1.00 |
|  pll_inst/inst/clk_out1 | u_uart_top/u_tx/FSM_sequential_r_state[1]_i_1_n_0 |                                           |                1 |              2 |         2.00 |
|  pll_inst/inst/clk_out1 | u_decoder/state[1]_i_1__0_n_0                     |                                           |                2 |              2 |         1.00 |
|  pll_inst/inst/clk_out1 | u_serialiser/state[1]_i_1_n_0                     | u_test_core/i_reset                       |                2 |              2 |         1.00 |
|  pll_inst/inst/clk_out1 | u_uart_top/u_rx/FSM_sequential_r_state[1]_i_2_n_0 | u_test_core/i_reset                       |                1 |              2 |         2.00 |
|  pll_inst/inst/clk_out1 | u_uart_top/u_tx/r_tx_data_index                   |                                           |                2 |              3 |         1.50 |
|  pll_inst/inst/clk_out1 | u_uart_top/u_rx/r_rx_data_index                   | u_test_core/i_reset                       |                2 |              3 |         1.50 |
|  pll_inst/inst/clk_out1 | u_decoder/E[0]                                    | u_test_core/i_reset                       |                1 |              3 |         3.00 |
|  pll_inst/inst/clk_out1 | u_test_core/FSM_onehot_state[2]_i_1_n_0           | u_test_core/i_reset                       |                1 |              3 |         3.00 |
|  pll_inst/inst/clk_out1 | u_engine/E[0]                                     | u_test_core/i_reset                       |                1 |              3 |         3.00 |
|  pll_inst/inst/clk_out1 | u_uart_top/u_tx/state_reg[1][0]                   |                                           |                3 |              5 |         1.67 |
|  pll_inst/inst/clk_out1 | u_uart_top/u_tx/r_data_0                          |                                           |                1 |              5 |         5.00 |
|  pll_inst/inst/clk_out1 | u_engine/proto_tx_ready                           | u_test_core/i_reset                       |                2 |              7 |         3.50 |
|  pll_inst/inst/clk_out1 | u_decoder/rem[7]_i_1__0_n_0                       |                                           |                2 |              8 |         4.00 |
|  pll_inst/inst/clk_out1 | u_decoder/prot_buf[opcode][7]_i_1_n_0             |                                           |                2 |              8 |         4.00 |
|  pll_inst/inst/clk_out1 | u_uart_top/r_rx_valid00_out                       | u_test_core/i_reset                       |                3 |              8 |         2.67 |
|  pll_inst/inst/clk_out1 | u_engine/poll_cnt_n                               | u_test_core/i_reset                       |                2 |             10 |         5.00 |
|  pll_inst/inst/clk_out1 |                                                   | u_test_core/i_reset                       |                6 |             14 |         2.33 |
|  pll_inst/inst/clk_out1 | u_uart_top/u_tx/E[0]                              | u_test_core/i_reset                       |                4 |             14 |         3.50 |
|  pll_inst/inst/clk_out1 | u_test_core/i_reset                               |                                           |                3 |             20 |         6.67 |
|  pll_inst/inst/clk_out1 | u_test_core/settle_cnt                            | u_test_core/i_reset                       |                3 |             23 |         7.67 |
|  pll_inst/inst/clk_out1 | u_test_core/gap_cnt_0                             | u_test_core/i_reset                       |                4 |             24 |         6.00 |
|  pll_inst/inst/clk_out1 | u_uart_top/u_tx/r_clk_count[0]_i_2_n_0            | u_uart_top/u_tx/r_clk_count               |                4 |             32 |         8.00 |
|  pll_inst/inst/clk_out1 | u_uart_top/u_rx/r_clk_count[0]_i_2__0_n_0         | u_uart_top/u_rx/r_clk_count[0]_i_1__0_n_0 |                4 |             32 |         8.00 |
+-------------------------+---------------------------------------------------+-------------------------------------------+------------------+----------------+--------------+


